<?xml version="1.0" encoding="UTF-8"?>
<testng-results ignored="0" total="4" passed="4" failed="0" skipped="0">
  <reporter-output>
  </reporter-output>
  <suite started-at="2019-08-06T14:24:58Z" name="Suite" finished-at="2019-08-06T14:25:48Z" duration-ms="50743">
    <groups>
    </groups>
    <test started-at="2019-08-06T14:24:58Z" name="Test" finished-at="2019-08-06T14:25:48Z" duration-ms="50743">
      <class name="com.atmecs.testscripts.TestRegister">
        <test-method is-config="true" signature="setUp()[pri:0, instance:com.atmecs.testscripts.TestRegister@661972b0]" started-at="2019-08-06T14:24:59Z" name="setUp" finished-at="2019-08-06T14:25:36Z" duration-ms="37086" status="PASS">
          <reporter-output>
          </reporter-output>
        </test-method> <!-- setUp -->
        <test-method signature="verifyRegistrationPage(com.atmecs.helper.RegistrationData)[pri:0, instance:com.atmecs.testscripts.TestRegister@661972b0]" started-at="2019-08-06T14:25:36Z" name="verifyRegistrationPage" data-provider="registrationData" finished-at="2019-08-06T14:25:47Z" duration-ms="11340" status="PASS">
          <params>
            <param index="0">
              <value>
                <![CDATA[RegistrationData [Email=Abhinaya@gmail.com, FirstName=Abhinaya, LastName=Venkatesh, Password=HeatClinic12, ConfirmPassword=HeatClinic12]]]>
              </value>
            </param>
          </params>
          <reporter-output>
          </reporter-output>
        </test-method> <!-- verifyRegistrationPage -->
        <test-method is-config="true" signature="tearDown()[pri:0, instance:com.atmecs.testscripts.TestRegister@661972b0]" started-at="2019-08-06T14:25:47Z" name="tearDown" finished-at="2019-08-06T14:25:48Z" duration-ms="955" status="PASS">
          <reporter-output>
          </reporter-output>
        </test-method> <!-- tearDown -->
      </class> <!-- com.atmecs.testscripts.TestRegister -->
    </test> <!-- Test -->
  </suite> <!-- Suite -->
  <suite started-at="2019-08-06T14:26:00Z" name="Suite (1)" finished-at="2019-08-06T14:26:29Z" duration-ms="28234">
    <groups>
    </groups>
    <test started-at="2019-08-06T14:26:00Z" name="Test" finished-at="2019-08-06T14:26:29Z" duration-ms="28234">
      <class name="com.atmecs.testscripts.TestAddToCart">
        <test-method is-config="true" signature="setUp()[pri:0, instance:com.atmecs.testscripts.TestAddToCart@74fe5c40]" started-at="2019-08-06T14:26:00Z" name="setUp" finished-at="2019-08-06T14:26:08Z" duration-ms="7170" status="PASS">
          <reporter-output>
          </reporter-output>
        </test-method> <!-- setUp -->
        <test-method signature="verifyAddToCart(com.atmecs.helper.RegistrationData)[pri:0, instance:com.atmecs.testscripts.TestAddToCart@74fe5c40]" started-at="2019-08-06T14:26:08Z" name="verifyAddToCart" data-provider="registrationData" finished-at="2019-08-06T14:26:28Z" duration-ms="19959" status="PASS">
          <params>
            <param index="0">
              <value>
                <![CDATA[RegistrationData [Email=Abhinaya@gmail.com, FirstName=Abhinaya, LastName=Venkatesh, Password=HeatClinic12, ConfirmPassword=HeatClinic12]]]>
              </value>
            </param>
          </params>
          <reporter-output>
          </reporter-output>
        </test-method> <!-- verifyAddToCart -->
        <test-method is-config="true" signature="tearDown()[pri:0, instance:com.atmecs.testscripts.TestAddToCart@74fe5c40]" started-at="2019-08-06T14:26:28Z" name="tearDown" finished-at="2019-08-06T14:26:29Z" duration-ms="1033" status="PASS">
          <reporter-output>
          </reporter-output>
        </test-method> <!-- tearDown -->
      </class> <!-- com.atmecs.testscripts.TestAddToCart -->
    </test> <!-- Test -->
  </suite> <!-- Suite (1) -->
  <suite started-at="2019-08-06T14:25:48Z" name="Suite (0)" finished-at="2019-08-06T14:26:00Z" duration-ms="11980">
    <groups>
    </groups>
    <test started-at="2019-08-06T14:25:48Z" name="Test" finished-at="2019-08-06T14:26:00Z" duration-ms="11980">
      <class name="com.atmecs.testscripts.TestLogin">
        <test-method is-config="true" signature="setUp()[pri:0, instance:com.atmecs.testscripts.TestLogin@79e2c065]" started-at="2019-08-06T14:25:49Z" name="setUp" finished-at="2019-08-06T14:25:56Z" duration-ms="7421" status="PASS">
          <reporter-output>
          </reporter-output>
        </test-method> <!-- setUp -->
        <test-method signature="verifyLoginPage(com.atmecs.helper.RegistrationData)[pri:0, instance:com.atmecs.testscripts.TestLogin@79e2c065]" started-at="2019-08-06T14:25:56Z" name="verifyLoginPage" data-provider="registrationData" finished-at="2019-08-06T14:25:59Z" duration-ms="3362" status="PASS">
          <params>
            <param index="0">
              <value>
                <![CDATA[RegistrationData [Email=Abhinaya@gmail.com, FirstName=Abhinaya, LastName=Venkatesh, Password=HeatClinic12, ConfirmPassword=HeatClinic12]]]>
              </value>
            </param>
          </params>
          <reporter-output>
          </reporter-output>
        </test-method> <!-- verifyLoginPage -->
        <test-method is-config="true" signature="tearDown()[pri:0, instance:com.atmecs.testscripts.TestLogin@79e2c065]" started-at="2019-08-06T14:25:59Z" name="tearDown" finished-at="2019-08-06T14:26:00Z" duration-ms="1027" status="PASS">
          <reporter-output>
          </reporter-output>
        </test-method> <!-- tearDown -->
      </class> <!-- com.atmecs.testscripts.TestLogin -->
    </test> <!-- Test -->
  </suite> <!-- Suite (0) -->
  <suite started-at="2019-08-06T14:26:43Z" name="HeatClinic" finished-at="2019-08-06T14:26:43Z" duration-ms="0">
    <groups>
    </groups>
  </suite> <!-- HeatClinic -->
  <suite started-at="2019-08-06T14:26:29Z" name="Suite (2)" finished-at="2019-08-06T14:26:43Z" duration-ms="14481">
    <groups>
    </groups>
    <test started-at="2019-08-06T14:26:29Z" name="Test" finished-at="2019-08-06T14:26:43Z" duration-ms="14481">
      <class name="com.atmecs.testscripts.TestRemoveFromCart">
        <test-method is-config="true" signature="setUp()[pri:0, instance:com.atmecs.testscripts.TestRemoveFromCart@7f0eb4b4]" started-at="2019-08-06T14:26:29Z" name="setUp" finished-at="2019-08-06T14:26:35Z" duration-ms="6158" status="PASS">
          <reporter-output>
          </reporter-output>
        </test-method> <!-- setUp -->
        <test-method signature="verifyAddToCart(com.atmecs.helper.RegistrationData)[pri:0, instance:com.atmecs.testscripts.TestRemoveFromCart@7f0eb4b4]" started-at="2019-08-06T14:26:35Z" name="verifyAddToCart" data-provider="registrationData" finished-at="2019-08-06T14:26:42Z" duration-ms="7259" status="PASS">
          <params>
            <param index="0">
              <value>
                <![CDATA[RegistrationData [Email=Abhinaya@gmail.com, FirstName=Abhinaya, LastName=Venkatesh, Password=HeatClinic12, ConfirmPassword=HeatClinic12]]]>
              </value>
            </param>
          </params>
          <reporter-output>
          </reporter-output>
        </test-method> <!-- verifyAddToCart -->
        <test-method is-config="true" signature="tearDown()[pri:0, instance:com.atmecs.testscripts.TestRemoveFromCart@7f0eb4b4]" started-at="2019-08-06T14:26:42Z" name="tearDown" finished-at="2019-08-06T14:26:43Z" duration-ms="987" status="PASS">
          <reporter-output>
          </reporter-output>
        </test-method> <!-- tearDown -->
      </class> <!-- com.atmecs.testscripts.TestRemoveFromCart -->
    </test> <!-- Test -->
  </suite> <!-- Suite (2) -->
</testng-results>
