<?xml version="1.0" encoding="UTF-8"?>
<testng-results ignored="0" total="4" passed="4" failed="0" skipped="0">
  <reporter-output>
  </reporter-output>
  <suite started-at="2019-08-07T05:34:22Z" name="Suite" finished-at="2019-08-07T05:34:32Z" duration-ms="10068">
    <groups>
    </groups>
    <test started-at="2019-08-07T05:34:22Z" name="Test" finished-at="2019-08-07T05:34:32Z" duration-ms="10068">
      <class name="com.atmecs.testscripts.TestRegister">
        <test-method is-config="true" signature="setUp()[pri:0, instance:com.atmecs.testscripts.TestRegister@661972b0]" started-at="2019-08-07T05:34:23Z" name="setUp" finished-at="2019-08-07T05:34:29Z" duration-ms="5759" status="PASS">
          <reporter-output>
          </reporter-output>
        </test-method> <!-- setUp -->
        <test-method signature="verifyRegistrationPage(com.atmecs.helper.RegistrationData)[pri:0, instance:com.atmecs.testscripts.TestRegister@661972b0]" started-at="2019-08-07T05:34:29Z" name="verifyRegistrationPage" data-provider="registrationData" finished-at="2019-08-07T05:34:31Z" duration-ms="2454" status="PASS">
          <params>
            <param index="0">
              <value>
                <![CDATA[RegistrationData [Email=Abhinaya@gmail.com, FirstName=Abhinaya, LastName=Venkatesh, Password=HeatClinic12, ConfirmPassword=HeatClinic12]]]>
              </value>
            </param>
          </params>
          <reporter-output>
          </reporter-output>
        </test-method> <!-- verifyRegistrationPage -->
        <test-method is-config="true" signature="tearDown()[pri:0, instance:com.atmecs.testscripts.TestRegister@661972b0]" started-at="2019-08-07T05:34:31Z" name="tearDown" finished-at="2019-08-07T05:34:32Z" duration-ms="998" status="PASS">
          <reporter-output>
          </reporter-output>
        </test-method> <!-- tearDown -->
      </class> <!-- com.atmecs.testscripts.TestRegister -->
    </test> <!-- Test -->
  </suite> <!-- Suite -->
  <suite started-at="2019-08-07T05:34:40Z" name="Suite (1)" finished-at="2019-08-07T05:35:03Z" duration-ms="23128">
    <groups>
    </groups>
    <test started-at="2019-08-07T05:34:40Z" name="Test" finished-at="2019-08-07T05:35:03Z" duration-ms="23128">
      <class name="com.atmecs.testscripts.TestAddToCart">
        <test-method is-config="true" signature="setUp()[pri:0, instance:com.atmecs.testscripts.TestAddToCart@74fe5c40]" started-at="2019-08-07T05:34:40Z" name="setUp" finished-at="2019-08-07T05:34:45Z" duration-ms="5127" status="PASS">
          <reporter-output>
          </reporter-output>
        </test-method> <!-- setUp -->
        <test-method signature="verifyAddToCart(com.atmecs.helper.RegistrationData)[pri:0, instance:com.atmecs.testscripts.TestAddToCart@74fe5c40]" started-at="2019-08-07T05:34:45Z" name="verifyAddToCart" data-provider="registrationData" finished-at="2019-08-07T05:35:02Z" duration-ms="16931" status="PASS">
          <params>
            <param index="0">
              <value>
                <![CDATA[RegistrationData [Email=Abhinaya@gmail.com, FirstName=Abhinaya, LastName=Venkatesh, Password=HeatClinic12, ConfirmPassword=HeatClinic12]]]>
              </value>
            </param>
          </params>
          <reporter-output>
          </reporter-output>
        </test-method> <!-- verifyAddToCart -->
        <test-method is-config="true" signature="tearDown()[pri:0, instance:com.atmecs.testscripts.TestAddToCart@74fe5c40]" started-at="2019-08-07T05:35:02Z" name="tearDown" finished-at="2019-08-07T05:35:03Z" duration-ms="994" status="PASS">
          <reporter-output>
          </reporter-output>
        </test-method> <!-- tearDown -->
      </class> <!-- com.atmecs.testscripts.TestAddToCart -->
    </test> <!-- Test -->
  </suite> <!-- Suite (1) -->
  <suite started-at="2019-08-07T05:34:32Z" name="Suite (0)" finished-at="2019-08-07T05:34:40Z" duration-ms="8148">
    <groups>
    </groups>
    <test started-at="2019-08-07T05:34:32Z" name="Test" finished-at="2019-08-07T05:34:40Z" duration-ms="8148">
      <class name="com.atmecs.testscripts.TestLogin">
        <test-method is-config="true" signature="setUp()[pri:0, instance:com.atmecs.testscripts.TestLogin@79e2c065]" started-at="2019-08-07T05:34:32Z" name="setUp" finished-at="2019-08-07T05:34:37Z" duration-ms="4962" status="PASS">
          <reporter-output>
          </reporter-output>
        </test-method> <!-- setUp -->
        <test-method signature="verifyLoginPage(com.atmecs.helper.RegistrationData)[pri:0, instance:com.atmecs.testscripts.TestLogin@79e2c065]" started-at="2019-08-07T05:34:37Z" name="verifyLoginPage" data-provider="registrationData" finished-at="2019-08-07T05:34:39Z" duration-ms="1902" status="PASS">
          <params>
            <param index="0">
              <value>
                <![CDATA[RegistrationData [Email=Abhinaya@gmail.com, FirstName=Abhinaya, LastName=Venkatesh, Password=HeatClinic12, ConfirmPassword=HeatClinic12]]]>
              </value>
            </param>
          </params>
          <reporter-output>
          </reporter-output>
        </test-method> <!-- verifyLoginPage -->
        <test-method is-config="true" signature="tearDown()[pri:0, instance:com.atmecs.testscripts.TestLogin@79e2c065]" started-at="2019-08-07T05:34:39Z" name="tearDown" finished-at="2019-08-07T05:34:40Z" duration-ms="1118" status="PASS">
          <reporter-output>
          </reporter-output>
        </test-method> <!-- tearDown -->
      </class> <!-- com.atmecs.testscripts.TestLogin -->
    </test> <!-- Test -->
  </suite> <!-- Suite (0) -->
  <suite started-at="2019-08-07T05:35:16Z" name="HeatClinic" finished-at="2019-08-07T05:35:16Z" duration-ms="0">
    <groups>
    </groups>
  </suite> <!-- HeatClinic -->
  <suite started-at="2019-08-07T05:35:03Z" name="Suite (2)" finished-at="2019-08-07T05:35:16Z" duration-ms="12209">
    <groups>
    </groups>
    <test started-at="2019-08-07T05:35:03Z" name="Test" finished-at="2019-08-07T05:35:16Z" duration-ms="12209">
      <class name="com.atmecs.testscripts.TestRemoveFromCart">
        <test-method is-config="true" signature="setUp()[pri:0, instance:com.atmecs.testscripts.TestRemoveFromCart@7f0eb4b4]" started-at="2019-08-07T05:35:03Z" name="setUp" finished-at="2019-08-07T05:35:08Z" duration-ms="4994" status="PASS">
          <reporter-output>
          </reporter-output>
        </test-method> <!-- setUp -->
        <test-method signature="verifyAddToCart(com.atmecs.helper.RegistrationData)[pri:0, instance:com.atmecs.testscripts.TestRemoveFromCart@7f0eb4b4]" started-at="2019-08-07T05:35:08Z" name="verifyAddToCart" data-provider="registrationData" finished-at="2019-08-07T05:35:15Z" duration-ms="6078" status="PASS">
          <params>
            <param index="0">
              <value>
                <![CDATA[RegistrationData [Email=Abhinaya@gmail.com, FirstName=Abhinaya, LastName=Venkatesh, Password=HeatClinic12, ConfirmPassword=HeatClinic12]]]>
              </value>
            </param>
          </params>
          <reporter-output>
          </reporter-output>
        </test-method> <!-- verifyAddToCart -->
        <test-method is-config="true" signature="tearDown()[pri:0, instance:com.atmecs.testscripts.TestRemoveFromCart@7f0eb4b4]" started-at="2019-08-07T05:35:15Z" name="tearDown" finished-at="2019-08-07T05:35:16Z" duration-ms="1054" status="PASS">
          <reporter-output>
          </reporter-output>
        </test-method> <!-- tearDown -->
      </class> <!-- com.atmecs.testscripts.TestRemoveFromCart -->
    </test> <!-- Test -->
  </suite> <!-- Suite (2) -->
</testng-results>
