<?xml version="1.0" encoding="UTF-8"?>
<!-- Generated by org.testng.reporters.JUnitXMLReporter -->
<testsuite ignored="0" hostname="ATMECSINDT-055" failures="1" tests="2" name="Test" time="70.724" errors="0" timestamp="28 Aug 2019 13:35:34 GMT">
  <testcase classname="com.atmecs.testscripts.HomePageProducts" name="verifyHomePageProducts" time="1.492"/>
  <testcase classname="com.atmecs.testscripts.HomePageProducts" name="verifyHomePageProducts" time="68.802">
    <failure type="java.lang.NullPointerException">
      <![CDATA[java.lang.NullPointerException
at com.atmecs.shopping.extentReport.GetScreenshot.capture(GetScreenshot.java:23)
at com.atmecs.shopping.extentReport.CustomListener.onTestSuccess(CustomListener.java:24)
... Removed 23 stack frames]]>
    </failure>
  </testcase> <!-- verifyHomePageProducts -->
</testsuite> <!-- Test -->
