<?xml version="1.0" encoding="UTF-8"?>
<testng-results ignored="0" total="3" passed="3" failed="0" skipped="0">
  <reporter-output>
  </reporter-output>
  <suite started-at="2019-08-13T14:05:04Z" name="Suite" finished-at="2019-08-13T14:05:24Z" duration-ms="19709">
    <groups>
    </groups>
    <test started-at="2019-08-13T14:05:04Z" name="Test" finished-at="2019-08-13T14:05:24Z" duration-ms="19709">
      <class name="com.atmecs.testscripts.TestLogin">
        <test-method is-config="true" signature="setUp()[pri:0, instance:com.atmecs.testscripts.TestLogin@7193666c]" started-at="2019-08-13T14:05:05Z" name="setUp" finished-at="2019-08-13T14:05:19Z" duration-ms="13861" status="PASS">
          <reporter-output>
          </reporter-output>
        </test-method> <!-- setUp -->
        <test-method signature="verifyLoginPage(com.atmecs.helper.LoginData)[pri:0, instance:com.atmecs.testscripts.TestLogin@7193666c]" started-at="2019-08-13T14:05:19Z" name="verifyLoginPage" data-provider="loginData" finished-at="2019-08-13T14:05:23Z" duration-ms="3918" status="PASS">
          <params>
            <param index="0">
              <value>
                <![CDATA[LoginData [Email=sandhiya@atmecs.com, Password=TestQaAutomation17]]]>
              </value>
            </param>
          </params>
          <reporter-output>
          </reporter-output>
        </test-method> <!-- verifyLoginPage -->
        <test-method is-config="true" signature="tearDown()[pri:0, instance:com.atmecs.testscripts.TestLogin@7193666c]" started-at="2019-08-13T14:05:23Z" name="tearDown" finished-at="2019-08-13T14:05:24Z" duration-ms="1028" status="PASS">
          <reporter-output>
          </reporter-output>
        </test-method> <!-- tearDown -->
      </class> <!-- com.atmecs.testscripts.TestLogin -->
    </test> <!-- Test -->
  </suite> <!-- Suite -->
  <suite started-at="2019-08-13T14:05:51Z" name="Suite (1)" finished-at="2019-08-13T14:06:31Z" duration-ms="39457">
    <groups>
    </groups>
    <test started-at="2019-08-13T14:05:51Z" name="Test" finished-at="2019-08-13T14:06:31Z" duration-ms="39457">
      <class name="com.atmecs.testscripts.TestManageCart">
        <test-method is-config="true" signature="setUp()[pri:0, instance:com.atmecs.testscripts.TestManageCart@6b927fb]" started-at="2019-08-13T14:05:51Z" name="setUp" finished-at="2019-08-13T14:06:05Z" duration-ms="13500" status="PASS">
          <reporter-output>
          </reporter-output>
        </test-method> <!-- setUp -->
        <test-method signature="verifyAddToCart()[pri:0, instance:com.atmecs.testscripts.TestManageCart@6b927fb]" started-at="2019-08-13T14:06:05Z" name="verifyAddToCart" finished-at="2019-08-13T14:06:30Z" duration-ms="24999" status="PASS">
          <reporter-output>
          </reporter-output>
        </test-method> <!-- verifyAddToCart -->
        <test-method is-config="true" signature="tearDown()[pri:0, instance:com.atmecs.testscripts.TestManageCart@6b927fb]" started-at="2019-08-13T14:06:30Z" name="tearDown" finished-at="2019-08-13T14:06:31Z" duration-ms="953" status="PASS">
          <reporter-output>
          </reporter-output>
        </test-method> <!-- tearDown -->
      </class> <!-- com.atmecs.testscripts.TestManageCart -->
    </test> <!-- Test -->
  </suite> <!-- Suite (1) -->
  <suite started-at="2019-08-13T14:05:24Z" name="Suite (0)" finished-at="2019-08-13T14:05:51Z" duration-ms="27245">
    <groups>
    </groups>
    <test started-at="2019-08-13T14:05:24Z" name="Test" finished-at="2019-08-13T14:05:51Z" duration-ms="27245">
      <class name="com.atmecs.testscripts.TestAddToCart">
        <test-method is-config="true" signature="setUp()[pri:0, instance:com.atmecs.testscripts.TestAddToCart@5af3afd9]" started-at="2019-08-13T14:05:24Z" name="setUp" finished-at="2019-08-13T14:05:38Z" duration-ms="13634" status="PASS">
          <reporter-output>
          </reporter-output>
        </test-method> <!-- setUp -->
        <test-method signature="verifyAddToCart()[pri:0, instance:com.atmecs.testscripts.TestAddToCart@5af3afd9]" started-at="2019-08-13T14:05:38Z" name="verifyAddToCart" finished-at="2019-08-13T14:05:50Z" duration-ms="12474" status="PASS">
          <reporter-output>
          </reporter-output>
        </test-method> <!-- verifyAddToCart -->
        <test-method is-config="true" signature="tearDown()[pri:0, instance:com.atmecs.testscripts.TestAddToCart@5af3afd9]" started-at="2019-08-13T14:05:50Z" name="tearDown" finished-at="2019-08-13T14:05:51Z" duration-ms="1132" status="PASS">
          <reporter-output>
          </reporter-output>
        </test-method> <!-- tearDown -->
      </class> <!-- com.atmecs.testscripts.TestAddToCart -->
    </test> <!-- Test -->
  </suite> <!-- Suite (0) -->
  <suite started-at="2019-08-13T14:06:31Z" name="ShopMerchandiseProject" finished-at="2019-08-13T14:06:31Z" duration-ms="0">
    <groups>
    </groups>
  </suite> <!-- ShopMerchandiseProject -->
</testng-results>
